<?xml version="1.0" encoding="UTF-8" ?>
<testsuite tests="7" failures="0" name="p01_Database.DatabaseTest" time="0.003" errors="0" skipped="0">
  <properties>
[...]
</properties>
  <testcase classname="p01_Database.DatabaseTest" name="testSuccessfulAddElement" time="0.002"/>
  <testcase classname="p01_Database.DatabaseTest" name="testRemoveThrowFromEmptyDatabase" time="0"/>
  <testcase classname="p01_Database.DatabaseTest" name="testConstructorThrowWhenMoreThanSixteenElements" time="0"/>
  <testcase classname="p01_Database.DatabaseTest" name="testSuccessfulRemovingElement" time="0"/>
  <testcase classname="p01_Database.DatabaseTest" name="testAddMethodThrowWhenAddingNull" time="0"/>
  <testcase classname="p01_Database.DatabaseTest" name="testConstructorCreatesValidObject" time="0.001"/>
  <testcase classname="p01_Database.DatabaseTest" name="testConstructorThrowWhenLessThanOneElement" time="0"/>
</testsuite>